[10:15:06.233] [INFO] Storybook upgrade - v10.2.0
[10:15:06.236] [INFO] detect-projects-spinner-start: Detecting projects...
[10:15:06.237] [DEBUG] Finding Storybook projects...
[10:15:06.717] [DEBUG] Found 3 Storybook projects
[10:15:06.749] [INFO] detect-projects-spinner: Detecting projects: 1 projects
[10:15:06.749] [DEBUG] Getting Storybook data...
[10:15:06.749] [DEBUG] Getting Storybook info...
[10:15:06.753] [INFO] detect-projects-spinner: Detecting projects: 2 projects
[10:15:06.753] [DEBUG] Getting Storybook data...
[10:15:06.753] [DEBUG] Getting Storybook info...
[10:15:06.754] [INFO] detect-projects-spinner: Detecting projects: 3 projects
[10:15:06.754] [DEBUG] Getting Storybook data...
[10:15:06.754] [DEBUG] Getting Storybook info...
[10:15:06.913] [DEBUG] Loading main config...
[10:15:06.913] [DEBUG] Getting stories paths...
[10:15:06.916] [DEBUG] Loading main config...
[10:15:06.916] [DEBUG] Getting stories paths...
[10:15:06.944] [INFO] Loading main config failed as the file does not seem to be valid ESM. Trying a temporary fix, please ensure the main config is valid ESM.
[10:15:06.978] [DEBUG] Getting package manager...
[10:15:08.793] [DEBUG] Getting package.json info for C:/Projects/react-weapons-of-choice/package.json...
[10:15:08.793] [DEBUG] Getting Storybook version...
[10:15:08.794] [DEBUG] Detecting CSF factory usage...
[10:15:08.794] [DEBUG] Getting package manager...
[10:15:09.197] [DEBUG] Getting package.json info for C:/Projects/react-weapons-of-choice/package.json...
[10:15:09.197] [DEBUG] Getting Storybook version...
[10:15:09.198] [DEBUG] Detecting CSF factory usage...
[10:15:09.198] [DEBUG] C:/Projects/react-weapons-of-choice/libs/landing/.storybook - Validating before version... 10.1.0
[10:15:09.198] [DEBUG] C:/Projects/react-weapons-of-choice/libs/landing/.storybook - Validating upgrade compatibility...
[10:15:09.198] [DEBUG] C:/Projects/react-weapons-of-choice/libs/landing/.storybook - Fetching NPM version information...
[10:15:09.198] [DEBUG] Getting CLI versions from NPM for storybook...
[10:15:09.198] [DEBUG] Executing command: pnpm info storybook version
[10:15:09.206] [DEBUG] Getting CLI versions from NPM for storybook@next...
[10:15:09.206] [DEBUG] Executing command: pnpm info storybook@next version
[10:15:09.214] [DEBUG] Loading main config...
[10:15:09.214] [DEBUG] Getting stories paths...
[10:15:09.225] [DEBUG] C:/Projects/react-weapons-of-choice/.storybook - Validating before version... 10.1.0
[10:15:09.225] [DEBUG] C:/Projects/react-weapons-of-choice/.storybook - Validating upgrade compatibility...
[10:15:09.225] [DEBUG] C:/Projects/react-weapons-of-choice/.storybook - Fetching NPM version information...
[10:15:09.225] [DEBUG] Getting CLI versions from NPM for storybook...
[10:15:09.225] [DEBUG] Executing command: pnpm info storybook version
[10:15:09.229] [DEBUG] Getting CLI versions from NPM for storybook@next...
[10:15:09.229] [DEBUG] Executing command: pnpm info storybook@next version
[10:15:09.238] [DEBUG] Getting package manager...
[10:15:09.653] [DEBUG] Getting package.json info for C:/Projects/react-weapons-of-choice/package.json...
[10:15:09.653] [DEBUG] Getting Storybook version...
[10:15:09.653] [DEBUG] Detecting CSF factory usage...
[10:15:09.655] [DEBUG] C:/Projects/react-weapons-of-choice/libs/storybook-host/.storybook - Validating before version... 10.1.0
[10:15:09.655] [DEBUG] C:/Projects/react-weapons-of-choice/libs/storybook-host/.storybook - Validating upgrade compatibility...
[10:15:09.655] [DEBUG] C:/Projects/react-weapons-of-choice/libs/storybook-host/.storybook - Fetching NPM version information...
[10:15:09.655] [DEBUG] Getting CLI versions from NPM for storybook...
[10:15:09.655] [DEBUG] Executing command: pnpm info storybook version
[10:15:09.659] [DEBUG] Getting CLI versions from NPM for storybook@next...
[10:15:09.659] [DEBUG] Executing command: pnpm info storybook@next version
[10:15:10.148] [DEBUG] C:/Projects/react-weapons-of-choice/libs/landing/.storybook - Evaluating blockers...
[10:15:10.290] [DEBUG] C:/Projects/react-weapons-of-choice/.storybook - Evaluating blockers...
[10:15:10.307] [DEBUG] Using cached package.json for C:\Projects\react-weapons-of-choice\package.json...
[10:15:10.307] [DEBUG] Getting installed version for @storybook/experimental-addon-test...
[10:15:10.307] [DEBUG] Executing command: pnpm list "@storybook/experimental-addon-test" --json --depth=99
[10:15:10.312] [DEBUG] Getting installed version for @storybook/experimental-addon-test...
[10:15:10.312] [DEBUG] Executing command: pnpm list "@storybook/experimental-addon-test" --json --depth=99
[10:15:10.472] [DEBUG] C:/Projects/react-weapons-of-choice/libs/storybook-host/.storybook - Evaluating blockers...
[10:15:10.475] [DEBUG] Using cached package.json for C:\Projects\react-weapons-of-choice\package.json...
[10:15:10.475] [DEBUG] Getting installed version for @storybook/experimental-addon-test...
[10:15:10.475] [DEBUG] Executing command: pnpm list "@storybook/experimental-addon-test" --json --depth=99
[10:15:10.805] [DEBUG] Installed version for @storybook/experimental-addon-test: null
[10:15:10.812] [DEBUG] Installed version for @storybook/experimental-addon-test: null
[10:15:10.848] [DEBUG] Installed version for @storybook/experimental-addon-test: null
[10:15:10.848] [INFO] detect-projects-spinner-stop: 3 projects detected
[10:15:10.848] [DEBUG] Found 3 valid projects and 0 error projects
[10:15:10.849] [INFO] Multiple Storybook projects found. Storybook can only upgrade all projects at once:
[32m✔[39m [36mC:/Projects/react-weapons-of-choice/.storybook[39m
[32m✔[39m [36mC:/Projects/react-weapons-of-choice/libs/landing/.storybook[39m
[32m✔[39m [36mC:/Projects/react-weapons-of-choice/libs/storybook-host/.storybook[39m
[10:15:10.850] [INFO] Upgrading the following projects:
          [36mC:/Projects/react-weapons-of-choice/.storybook[39m: [1m10.1.0[22m -> [1m10.2.0[22m
[36mC:/Projects/react-weapons-of-choice/libs/landing/.storybook[39m: [1m10.1.0[22m -> [1m10.2.0[22m
[36mC:/Projects/react-weapons-of-choice/libs/storybook-host/.storybook[39m: [1m10.1.0[22m -> [1m10.2.0[22m
[10:15:10.852] [INFO] upgrade-dependencies-task-start: Fetching versions to update package.json files..
[10:15:10.852] [DEBUG] Updating dependencies in C:/Projects/react-weapons-of-choice/.storybook...
[10:15:10.852] [INFO] upgrade-dependencies-task: C:/Projects/react-weapons-of-choice/package.json
[10:15:10.853] [DEBUG] Using cached package.json for C:\Projects\react-weapons-of-choice\package.json...
[10:15:10.853] [DEBUG] {
  "upgradedDependencies": []
}
[10:15:10.853] [DEBUG] {
  "upgradedDevDependencies": [
    "@storybook/addon-a11y@10.2.0",
    "@storybook/addon-docs@10.2.0",
    "@storybook/addon-links@10.2.0",
    "@storybook/addon-themes@10.2.0",
    "@storybook/react@10.2.0",
    "@storybook/react-vite@10.2.0",
    "storybook@10.2.0"
  ]
}
[10:15:10.853] [DEBUG] {
  "upgradedPeerDependencies": []
}
[10:15:10.853] [DEBUG] Getting package.json info for C:/Projects/react-weapons-of-choice/package.json...
[10:15:10.853] [DEBUG] Using cached package.json for C:\Projects\react-weapons-of-choice\package.json...
[10:15:10.853] [DEBUG] Using cached package.json for C:\Projects\react-weapons-of-choice\package.json...
[10:15:10.853] [DEBUG] Getting package.json info for C:/Projects/react-weapons-of-choice/package.json...
[10:15:10.853] [DEBUG] Using cached package.json for C:\Projects\react-weapons-of-choice\package.json...
[10:15:10.853] [DEBUG] Getting CLI versions from NPM for @storybook/addon-a11y...
[10:15:10.853] [DEBUG] Executing command: pnpm info @storybook/addon-a11y version
[10:15:11.598] [DEBUG] Getting CLI versions from NPM for @storybook/addon-docs...
[10:15:11.598] [DEBUG] Executing command: pnpm info @storybook/addon-docs version
[10:15:12.320] [DEBUG] Getting CLI versions from NPM for @storybook/addon-links...
[10:15:12.320] [DEBUG] Executing command: pnpm info @storybook/addon-links version
[10:15:13.415] [DEBUG] Getting CLI versions from NPM for @storybook/addon-themes...
[10:15:13.415] [DEBUG] Executing command: pnpm info @storybook/addon-themes version
[10:15:14.692] [DEBUG] Getting CLI versions from NPM for @storybook/react...
[10:15:14.692] [DEBUG] Executing command: pnpm info @storybook/react version
[10:15:15.435] [DEBUG] Getting CLI versions from NPM for @storybook/react-vite...
[10:15:15.435] [DEBUG] Executing command: pnpm info @storybook/react-vite version
[10:15:16.489] [DEBUG] Using cached version for storybook...
[10:15:16.489] [DEBUG] Using cached package.json for C:\Projects\react-weapons-of-choice\package.json...
[10:15:16.489] [DEBUG] Getting package.json info for C:/Projects/react-weapons-of-choice/package.json...
[10:15:16.489] [DEBUG] Using cached package.json for C:\Projects\react-weapons-of-choice\package.json...
[10:15:16.489] [DEBUG] Using cached package.json for C:\Projects\react-weapons-of-choice\package.json...
[10:15:16.489] [DEBUG] Updating dependencies in C:/Projects/react-weapons-of-choice/libs/landing/.storybook...
[10:15:16.489] [DEBUG] Using cached package.json for C:\Projects\react-weapons-of-choice\package.json...
[10:15:16.490] [DEBUG] {
  "upgradedDependencies": []
}
[10:15:16.490] [DEBUG] {
  "upgradedDevDependencies": [
    "@storybook/addon-a11y@10.2.0",
    "@storybook/addon-docs@10.2.0",
    "@storybook/addon-links@10.2.0",
    "@storybook/addon-themes@10.2.0",
    "@storybook/react@10.2.0",
    "@storybook/react-vite@10.2.0",
    "storybook@10.2.0"
  ]
}
[10:15:16.490] [DEBUG] {
  "upgradedPeerDependencies": []
}
[10:15:16.490] [DEBUG] Getting package.json info for C:/Projects/react-weapons-of-choice/package.json...
[10:15:16.490] [DEBUG] Using cached package.json for C:\Projects\react-weapons-of-choice\package.json...
[10:15:16.490] [DEBUG] Using cached package.json for C:\Projects\react-weapons-of-choice\package.json...
[10:15:16.495] [DEBUG] Getting package.json info for C:/Projects/react-weapons-of-choice/package.json...
[10:15:16.495] [DEBUG] Using cached package.json for C:\Projects\react-weapons-of-choice\package.json...
[10:15:16.495] [DEBUG] Using cached version for @storybook/addon-a11y...
[10:15:16.495] [DEBUG] Using cached version for @storybook/addon-docs...
[10:15:16.495] [DEBUG] Using cached version for @storybook/addon-links...
[10:15:16.495] [DEBUG] Using cached version for @storybook/addon-themes...
[10:15:16.495] [DEBUG] Using cached version for @storybook/react...
[10:15:16.495] [DEBUG] Using cached version for @storybook/react-vite...
[10:15:16.495] [DEBUG] Using cached version for storybook...
[10:15:16.495] [DEBUG] Using cached package.json for C:\Projects\react-weapons-of-choice\package.json...
[10:15:16.495] [DEBUG] Getting package.json info for C:/Projects/react-weapons-of-choice/package.json...
[10:15:16.495] [DEBUG] Using cached package.json for C:\Projects\react-weapons-of-choice\package.json...
[10:15:16.495] [DEBUG] Using cached package.json for C:\Projects\react-weapons-of-choice\package.json...
[10:15:16.496] [DEBUG] Updating dependencies in C:/Projects/react-weapons-of-choice/libs/storybook-host/.storybook...
[10:15:16.496] [INFO] upgrade-dependencies-task: C:/Projects/react-weapons-of-choice/libs/storybook-host/package.json
[10:15:16.496] [DEBUG] Using cached package.json for C:\Projects\react-weapons-of-choice\libs\storybook-host\package.json...
[10:15:16.496] [DEBUG] {
  "upgradedDependencies": []
}
[10:15:16.496] [DEBUG] {
  "upgradedDevDependencies": []
}
[10:15:16.496] [DEBUG] {
  "upgradedPeerDependencies": []
}
[10:15:16.496] [DEBUG] Getting package.json info for C:/Projects/react-weapons-of-choice/libs/storybook-host/package.json...
[10:15:16.496] [DEBUG] Using cached package.json for C:\Projects\react-weapons-of-choice\libs\storybook-host\package.json...
[10:15:16.496] [DEBUG] Using cached package.json for C:\Projects\react-weapons-of-choice\libs\storybook-host\package.json...
[10:15:16.497] [DEBUG] Getting package.json info for C:/Projects/react-weapons-of-choice/libs/storybook-host/package.json...
[10:15:16.497] [DEBUG] Using cached package.json for C:\Projects\react-weapons-of-choice\libs\storybook-host\package.json...
[10:15:16.497] [DEBUG] Using cached package.json for C:\Projects\react-weapons-of-choice\libs\storybook-host\package.json...
[10:15:16.497] [DEBUG] Getting package.json info for C:/Projects/react-weapons-of-choice/libs/storybook-host/package.json...
[10:15:16.497] [DEBUG] Using cached package.json for C:\Projects\react-weapons-of-choice\libs\storybook-host\package.json...
[10:15:16.497] [DEBUG] Using cached package.json for C:\Projects\react-weapons-of-choice\libs\storybook-host\package.json...
[10:15:16.497] [DEBUG] Using cached package.json for C:\Projects\react-weapons-of-choice\package.json...
[10:15:16.497] [DEBUG] {
  "upgradedDependencies": []
}
[10:15:16.497] [DEBUG] {
  "upgradedDevDependencies": [
    "@storybook/addon-a11y@10.2.0",
    "@storybook/addon-docs@10.2.0",
    "@storybook/addon-links@10.2.0",
    "@storybook/addon-themes@10.2.0",
    "@storybook/react@10.2.0",
    "@storybook/react-vite@10.2.0",
    "storybook@10.2.0"
  ]
}
[10:15:16.497] [DEBUG] {
  "upgradedPeerDependencies": []
}
[10:15:16.497] [DEBUG] Getting package.json info for C:/Projects/react-weapons-of-choice/package.json...
[10:15:16.497] [DEBUG] Using cached package.json for C:\Projects\react-weapons-of-choice\package.json...
[10:15:16.497] [DEBUG] Using cached package.json for C:\Projects\react-weapons-of-choice\package.json...
[10:15:16.497] [DEBUG] Getting package.json info for C:/Projects/react-weapons-of-choice/package.json...
[10:15:16.497] [DEBUG] Using cached package.json for C:\Projects\react-weapons-of-choice\package.json...
[10:15:16.497] [DEBUG] Using cached version for @storybook/addon-a11y...
[10:15:16.497] [DEBUG] Using cached version for @storybook/addon-docs...
[10:15:16.497] [DEBUG] Using cached version for @storybook/addon-links...
[10:15:16.497] [DEBUG] Using cached version for @storybook/addon-themes...
[10:15:16.497] [DEBUG] Using cached version for @storybook/react...
[10:15:16.497] [DEBUG] Using cached version for @storybook/react-vite...
[10:15:16.497] [DEBUG] Using cached version for storybook...
[10:15:16.497] [DEBUG] Using cached package.json for C:\Projects\react-weapons-of-choice\package.json...
[10:15:16.497] [DEBUG] Getting package.json info for C:/Projects/react-weapons-of-choice/package.json...
[10:15:16.497] [DEBUG] Using cached package.json for C:\Projects\react-weapons-of-choice\package.json...
[10:15:16.497] [DEBUG] Using cached package.json for C:\Projects\react-weapons-of-choice\package.json...
[10:15:16.498] [INFO] upgrade-dependencies-task-success: Updated package versions in package.json files
[10:15:16.498] [INFO] detect-automigrations-task-start: Detecting automigrations for 3 projects...
[10:15:16.498] [DEBUG] Starting automigration collection across 3 projects and 19 fixes...
[10:15:16.499] [INFO] detect-automigrations-task: Checking automigrations for C:/Projects/react-weapons-of-choice/.storybook...
[10:15:16.499] [DEBUG] Processing project: C:/Projects/react-weapons-of-choice/.storybook
[10:15:16.499] [DEBUG] Checking fix eslintPlugin for project C:/Projects/react-weapons-of-choice/.storybook...
[10:15:16.499] [DEBUG] Using cached package.json for C:\Projects\react-weapons-of-choice\package.json...
[10:15:16.499] [DEBUG] Using cached package.json for C:\Projects\react-weapons-of-choice\package.json...
[10:15:16.499] [DEBUG] Checking fix addon-mdx-gfm-remove for project C:/Projects/react-weapons-of-choice/.storybook...
[10:15:16.499] [DEBUG] Using cached package.json for C:\Projects\react-weapons-of-choice\package.json...
[10:15:16.499] [DEBUG] Checking fix addon-storysource-code-panel for project C:/Projects/react-weapons-of-choice/.storybook...
[10:15:16.499] [DEBUG] Checking fix upgrade-storybook-related-dependencies for project C:/Projects/react-weapons-of-choice/.storybook...
[10:15:16.499] [DEBUG] Checking for incompatible storybook packages...
[10:15:16.499] [DEBUG] Using cached package.json for C:\Projects\react-weapons-of-choice\package.json...
[10:15:16.503] [DEBUG] Using cached package.json for C:\Projects\react-weapons-of-choice\package.json...
[10:15:16.503] [DEBUG] Getting installed version for @nx/storybook...
[10:15:16.503] [DEBUG] Executing command: pnpm list "@nx/storybook" --json --depth=99
[10:15:16.508] [DEBUG] Getting installed version for @storybook/addon-actions...
[10:15:16.508] [DEBUG] Executing command: pnpm list "@storybook/addon-actions" --json --depth=99
[10:15:16.512] [DEBUG] Getting installed version for @storybook/addon-backgrounds...
[10:15:16.512] [DEBUG] Executing command: pnpm list "@storybook/addon-backgrounds" --json --depth=99
[10:15:16.517] [DEBUG] Getting installed version for @storybook/addon-styling-webpack...
[10:15:16.517] [DEBUG] Executing command: pnpm list "@storybook/addon-styling-webpack" --json --depth=99
[10:15:16.521] [DEBUG] Getting installed version for @storybook/blocks...
[10:15:16.521] [DEBUG] Executing command: pnpm list "@storybook/blocks" --json --depth=99
[10:15:16.526] [DEBUG] Getting installed version for @storybook/core-server...
[10:15:16.526] [DEBUG] Executing command: pnpm list "@storybook/core-server" --json --depth=99
[10:15:16.531] [DEBUG] Getting installed version for @storybook/manager-api...
[10:15:16.531] [DEBUG] Executing command: pnpm list "@storybook/manager-api" --json --depth=99
[10:15:16.536] [DEBUG] Getting installed version for @storybook/theming...
[10:15:16.536] [DEBUG] Executing command: pnpm list "@storybook/theming" --json --depth=99
[10:15:16.541] [DEBUG] Getting installed version for storybook-dark-mode...
[10:15:16.541] [DEBUG] Executing command: pnpm list "storybook-dark-mode" --json --depth=99
[10:15:17.134] [DEBUG] Installed version for @storybook/addon-styling-webpack: 1.0.1
[10:15:17.134] [DEBUG] Getting CLI versions from NPM for @storybook/addon-styling-webpack...
[10:15:17.134] [DEBUG] Executing command: pnpm info @storybook/addon-styling-webpack version
[10:15:17.141] [DEBUG] Installed version for @storybook/manager-api: 8.6.11
[10:15:17.141] [DEBUG] Getting CLI versions from NPM for @storybook/manager-api...
[10:15:17.141] [DEBUG] Executing command: pnpm info @storybook/manager-api version
[10:15:17.148] [DEBUG] Installed version for @nx/storybook: 22.4.1
[10:15:17.148] [DEBUG] Getting CLI versions from NPM for @nx/storybook...
[10:15:17.148] [DEBUG] Executing command: pnpm info @nx/storybook version
[10:15:17.156] [DEBUG] Installed version for @storybook/addon-backgrounds: 8.6.11
[10:15:17.156] [DEBUG] Getting CLI versions from NPM for @storybook/addon-backgrounds...
[10:15:17.156] [DEBUG] Executing command: pnpm info @storybook/addon-backgrounds version
[10:15:17.163] [DEBUG] Installed version for @storybook/addon-actions: 8.6.11
[10:15:17.163] [DEBUG] Getting CLI versions from NPM for @storybook/addon-actions...
[10:15:17.163] [DEBUG] Executing command: pnpm info @storybook/addon-actions version
[10:15:17.169] [DEBUG] Installed version for @storybook/blocks: 8.6.11
[10:15:17.169] [DEBUG] Getting CLI versions from NPM for @storybook/blocks...
[10:15:17.169] [DEBUG] Executing command: pnpm info @storybook/blocks version
[10:15:17.180] [DEBUG] Installed version for storybook-dark-mode: 4.0.2
[10:15:17.180] [DEBUG] Getting CLI versions from NPM for storybook-dark-mode...
[10:15:17.180] [DEBUG] Executing command: pnpm info storybook-dark-mode version
[10:15:17.187] [DEBUG] Installed version for @storybook/theming: 8.6.11
[10:15:17.187] [DEBUG] Getting CLI versions from NPM for @storybook/theming...
[10:15:17.187] [DEBUG] Executing command: pnpm info @storybook/theming version
[10:15:17.193] [DEBUG] Installed version for @storybook/core-server: 8.6.11
[10:15:17.193] [DEBUG] Getting CLI versions from NPM for @storybook/core-server...
[10:15:17.193] [DEBUG] Executing command: pnpm info @storybook/core-server version
[10:15:18.899] [DEBUG] Checking fix initial-globals for project C:/Projects/react-weapons-of-choice/.storybook...
[10:15:18.901] [DEBUG] Checking fix addon-globals-api for project C:/Projects/react-weapons-of-choice/.storybook...
[10:15:18.902] [DEBUG] Checking fix addon-a11y-addon-test for project C:/Projects/react-weapons-of-choice/.storybook...
[10:15:18.902] [DEBUG] Checking fix consolidated-imports for project C:/Projects/react-weapons-of-choice/.storybook...
[10:15:18.903] [DEBUG] Checking fix addon-experimental-test for project C:/Projects/react-weapons-of-choice/.storybook...
[10:15:18.903] [DEBUG] Using cached installed version for @storybook/experimental-addon-test...
[10:15:18.903] [DEBUG] Checking fix rnstorybook-config for project C:/Projects/react-weapons-of-choice/.storybook...
[10:15:18.903] [DEBUG] Using cached package.json for C:\Projects\react-weapons-of-choice\package.json...
[10:15:18.903] [DEBUG] Checking fix migrate-addon-console for project C:/Projects/react-weapons-of-choice/.storybook...
[10:15:18.903] [DEBUG] Using cached package.json for C:\Projects\react-weapons-of-choice\package.json...
[10:15:18.903] [DEBUG] Checking fix nextjs-to-nextjs-vite for project C:/Projects/react-weapons-of-choice/.storybook...
[10:15:18.903] [DEBUG] Using cached package.json for C:\Projects\react-weapons-of-choice\package.json...
[10:15:18.903] [DEBUG] Checking fix remove-addon-interactions for project C:/Projects/react-weapons-of-choice/.storybook...
[10:15:18.903] [DEBUG] Using cached package.json for C:\Projects\react-weapons-of-choice\package.json...
[10:15:18.903] [DEBUG] Checking fix renderer-to-framework for project C:/Projects/react-weapons-of-choice/.storybook...
[10:15:18.903] [DEBUG] Checking fix remove-essential-addons for project C:/Projects/react-weapons-of-choice/.storybook...
[10:15:18.903] [DEBUG] Using cached package.json for C:\Projects\react-weapons-of-choice\package.json...
[10:15:18.904] [DEBUG] Checking fix addon-a11y-parameters for project C:/Projects/react-weapons-of-choice/.storybook...
[10:15:18.904] [DEBUG] Checking fix remove-docs-autodocs for project C:/Projects/react-weapons-of-choice/.storybook...
[10:15:18.905] [DEBUG] Checking fix wrap-getAbsolutePath for project C:/Projects/react-weapons-of-choice/.storybook...
[10:15:18.906] [DEBUG] Checking fix fix-faux-esm-require for project C:/Projects/react-weapons-of-choice/.storybook...
[10:15:18.906] [INFO] detect-automigrations-task: Checking automigrations for
C:/Projects/react-weapons-of-choice/libs/landing/.storybook...
[10:15:18.906] [DEBUG] Processing project: C:/Projects/react-weapons-of-choice/libs/landing/.storybook
[10:15:18.906] [DEBUG] Checking fix eslintPlugin for project C:/Projects/react-weapons-of-choice/libs/landing/.storybook...
[10:15:18.906] [DEBUG] Using cached package.json for C:\Projects\react-weapons-of-choice\package.json...
[10:15:18.906] [DEBUG] Using cached package.json for C:\Projects\react-weapons-of-choice\package.json...
[10:15:18.907] [DEBUG] Checking fix addon-mdx-gfm-remove for project C:/Projects/react-weapons-of-choice/libs/landing/.storybook...
[10:15:18.907] [DEBUG] Using cached package.json for C:\Projects\react-weapons-of-choice\package.json...
[10:15:18.907] [DEBUG] Checking fix addon-storysource-code-panel for project C:/Projects/react-weapons-of-choice/libs/landing/.storybook...
[10:15:18.907] [DEBUG] Checking fix upgrade-storybook-related-dependencies for project C:/Projects/react-weapons-of-choice/libs/landing/.storybook...
[10:15:18.907] [DEBUG] Checking for incompatible storybook packages...
[10:15:18.907] [DEBUG] Using cached package.json for C:\Projects\react-weapons-of-choice\package.json...
[10:15:18.909] [DEBUG] Using cached package.json for C:\Projects\react-weapons-of-choice\package.json...
[10:15:18.909] [DEBUG] Using cached installed version for @nx/storybook...
[10:15:18.909] [DEBUG] Using cached installed version for @storybook/addon-actions...
[10:15:18.909] [DEBUG] Using cached installed version for @storybook/addon-backgrounds...
[10:15:18.909] [DEBUG] Using cached installed version for @storybook/addon-styling-webpack...
[10:15:18.909] [DEBUG] Using cached installed version for @storybook/blocks...
[10:15:18.909] [DEBUG] Using cached installed version for @storybook/core-server...
[10:15:18.909] [DEBUG] Using cached installed version for @storybook/manager-api...
[10:15:18.909] [DEBUG] Using cached installed version for @storybook/theming...
[10:15:18.909] [DEBUG] Using cached installed version for storybook-dark-mode...
[10:15:18.909] [DEBUG] Using cached version for @nx/storybook...
[10:15:18.909] [DEBUG] Using cached version for @storybook/addon-actions...
[10:15:18.909] [DEBUG] Using cached version for @storybook/addon-backgrounds...
[10:15:18.909] [DEBUG] Using cached version for @storybook/addon-styling-webpack...
[10:15:18.909] [DEBUG] Using cached version for @storybook/blocks...
[10:15:18.909] [DEBUG] Using cached version for @storybook/core-server...
[10:15:18.909] [DEBUG] Using cached version for @storybook/manager-api...
[10:15:18.909] [DEBUG] Using cached version for @storybook/theming...
[10:15:18.909] [DEBUG] Using cached version for storybook-dark-mode...
[10:15:18.909] [DEBUG] Checking fix initial-globals for project C:/Projects/react-weapons-of-choice/libs/landing/.storybook...
[10:15:18.909] [DEBUG] Checking fix addon-globals-api for project C:/Projects/react-weapons-of-choice/libs/landing/.storybook...
[10:15:18.909] [DEBUG] Checking fix addon-a11y-addon-test for project C:/Projects/react-weapons-of-choice/libs/landing/.storybook...
[10:15:18.909] [DEBUG] Checking fix consolidated-imports for project C:/Projects/react-weapons-of-choice/libs/landing/.storybook...
[10:15:18.909] [DEBUG] Checking fix addon-experimental-test for project C:/Projects/react-weapons-of-choice/libs/landing/.storybook...
[10:15:18.909] [DEBUG] Using cached installed version for @storybook/experimental-addon-test...
[10:15:18.909] [DEBUG] Checking fix rnstorybook-config for project C:/Projects/react-weapons-of-choice/libs/landing/.storybook...
[10:15:18.909] [DEBUG] Using cached package.json for C:\Projects\react-weapons-of-choice\package.json...
[10:15:18.909] [DEBUG] Checking fix migrate-addon-console for project C:/Projects/react-weapons-of-choice/libs/landing/.storybook...
[10:15:18.909] [DEBUG] Using cached package.json for C:\Projects\react-weapons-of-choice\package.json...
[10:15:18.909] [DEBUG] Checking fix nextjs-to-nextjs-vite for project C:/Projects/react-weapons-of-choice/libs/landing/.storybook...
[10:15:18.909] [DEBUG] Using cached package.json for C:\Projects\react-weapons-of-choice\package.json...
[10:15:18.909] [DEBUG] Checking fix remove-addon-interactions for project C:/Projects/react-weapons-of-choice/libs/landing/.storybook...
[10:15:18.909] [DEBUG] Using cached package.json for C:\Projects\react-weapons-of-choice\package.json...
[10:15:18.909] [DEBUG] Checking fix renderer-to-framework for project C:/Projects/react-weapons-of-choice/libs/landing/.storybook...
[10:15:18.909] [DEBUG] Checking fix remove-essential-addons for project C:/Projects/react-weapons-of-choice/libs/landing/.storybook...
[10:15:18.910] [DEBUG] Using cached package.json for C:\Projects\react-weapons-of-choice\package.json...
[10:15:18.910] [DEBUG] Checking fix addon-a11y-parameters for project C:/Projects/react-weapons-of-choice/libs/landing/.storybook...
[10:15:18.910] [DEBUG] Checking fix remove-docs-autodocs for project C:/Projects/react-weapons-of-choice/libs/landing/.storybook...
[10:15:18.911] [DEBUG] Checking fix wrap-getAbsolutePath for project C:/Projects/react-weapons-of-choice/libs/landing/.storybook...
[10:15:18.912] [DEBUG] Checking fix fix-faux-esm-require for project C:/Projects/react-weapons-of-choice/libs/landing/.storybook...
[10:15:18.913] [INFO] detect-automigrations-task: Checking automigrations for
C:/Projects/react-weapons-of-choice/libs/storybook-host/.storybook...
[10:15:18.913] [DEBUG] Processing project: C:/Projects/react-weapons-of-choice/libs/storybook-host/.storybook
[10:15:18.913] [DEBUG] Checking fix eslintPlugin for project C:/Projects/react-weapons-of-choice/libs/storybook-host/.storybook...
[10:15:18.913] [DEBUG] Using cached package.json for C:\Projects\react-weapons-of-choice\libs\storybook-host\package.json...
[10:15:18.913] [DEBUG] Using cached package.json for C:\Projects\react-weapons-of-choice\package.json...
[10:15:18.913] [DEBUG] Using cached package.json for C:\Projects\react-weapons-of-choice\package.json...
[10:15:18.913] [DEBUG] Checking fix addon-mdx-gfm-remove for project C:/Projects/react-weapons-of-choice/libs/storybook-host/.storybook...
[10:15:18.913] [DEBUG] Using cached package.json for C:\Projects\react-weapons-of-choice\libs\storybook-host\package.json...
[10:15:18.913] [DEBUG] Using cached package.json for C:\Projects\react-weapons-of-choice\package.json...
[10:15:18.913] [DEBUG] Checking fix addon-storysource-code-panel for project C:/Projects/react-weapons-of-choice/libs/storybook-host/.storybook...
[10:15:18.913] [DEBUG] Checking fix upgrade-storybook-related-dependencies for project C:/Projects/react-weapons-of-choice/libs/storybook-host/.storybook...
[10:15:18.913] [DEBUG] Checking for incompatible storybook packages...
[10:15:18.913] [DEBUG] Using cached package.json for C:\Projects\react-weapons-of-choice\libs\storybook-host\package.json...
[10:15:18.913] [DEBUG] Using cached package.json for C:\Projects\react-weapons-of-choice\package.json...
[10:15:18.915] [DEBUG] Using cached package.json for C:\Projects\react-weapons-of-choice\libs\storybook-host\package.json...
[10:15:18.915] [DEBUG] Using cached package.json for C:\Projects\react-weapons-of-choice\package.json...
[10:15:18.915] [DEBUG] Using cached installed version for @nx/storybook...
[10:15:18.915] [DEBUG] Using cached installed version for @storybook/addon-actions...
[10:15:18.915] [DEBUG] Using cached installed version for @storybook/addon-backgrounds...
[10:15:18.915] [DEBUG] Using cached installed version for @storybook/addon-styling-webpack...
[10:15:18.915] [DEBUG] Using cached installed version for @storybook/blocks...
[10:15:18.915] [DEBUG] Using cached installed version for @storybook/core-server...
[10:15:18.915] [DEBUG] Using cached installed version for @storybook/manager-api...
[10:15:18.915] [DEBUG] Using cached installed version for @storybook/theming...
[10:15:18.915] [DEBUG] Using cached installed version for storybook-dark-mode...
[10:15:18.915] [DEBUG] Using cached version for @nx/storybook...
[10:15:18.915] [DEBUG] Using cached version for @storybook/addon-actions...
[10:15:18.915] [DEBUG] Using cached version for @storybook/addon-backgrounds...
[10:15:18.915] [DEBUG] Using cached version for @storybook/addon-styling-webpack...
[10:15:18.915] [DEBUG] Using cached version for @storybook/blocks...
[10:15:18.915] [DEBUG] Using cached version for @storybook/core-server...
[10:15:18.915] [DEBUG] Using cached version for @storybook/manager-api...
[10:15:18.915] [DEBUG] Using cached version for @storybook/theming...
[10:15:18.915] [DEBUG] Using cached version for storybook-dark-mode...
[10:15:18.915] [DEBUG] Checking fix initial-globals for project C:/Projects/react-weapons-of-choice/libs/storybook-host/.storybook...
[10:15:18.916] [DEBUG] Checking fix addon-globals-api for project C:/Projects/react-weapons-of-choice/libs/storybook-host/.storybook...
[10:15:18.918] [DEBUG] Checking fix addon-a11y-addon-test for project C:/Projects/react-weapons-of-choice/libs/storybook-host/.storybook...
[10:15:18.918] [DEBUG] Checking fix consolidated-imports for project C:/Projects/react-weapons-of-choice/libs/storybook-host/.storybook...
[10:15:18.918] [DEBUG] Checking fix addon-experimental-test for project C:/Projects/react-weapons-of-choice/libs/storybook-host/.storybook...
[10:15:18.918] [DEBUG] Using cached installed version for @storybook/experimental-addon-test...
[10:15:18.918] [DEBUG] Checking fix rnstorybook-config for project C:/Projects/react-weapons-of-choice/libs/storybook-host/.storybook...
[10:15:18.918] [DEBUG] Using cached package.json for C:\Projects\react-weapons-of-choice\libs\storybook-host\package.json...
[10:15:18.918] [DEBUG] Using cached package.json for C:\Projects\react-weapons-of-choice\package.json...
[10:15:18.918] [DEBUG] Checking fix migrate-addon-console for project C:/Projects/react-weapons-of-choice/libs/storybook-host/.storybook...
[10:15:18.918] [DEBUG] Using cached package.json for C:\Projects\react-weapons-of-choice\libs\storybook-host\package.json...
[10:15:18.918] [DEBUG] Using cached package.json for C:\Projects\react-weapons-of-choice\package.json...
[10:15:18.918] [DEBUG] Checking fix nextjs-to-nextjs-vite for project C:/Projects/react-weapons-of-choice/libs/storybook-host/.storybook...
[10:15:18.918] [DEBUG] Using cached package.json for C:\Projects\react-weapons-of-choice\libs\storybook-host\package.json...
[10:15:18.918] [DEBUG] Using cached package.json for C:\Projects\react-weapons-of-choice\package.json...
[10:15:18.918] [DEBUG] Checking fix remove-addon-interactions for project C:/Projects/react-weapons-of-choice/libs/storybook-host/.storybook...
[10:15:18.918] [DEBUG] Using cached package.json for C:\Projects\react-weapons-of-choice\libs\storybook-host\package.json...
[10:15:18.918] [DEBUG] Using cached package.json for C:\Projects\react-weapons-of-choice\package.json...
[10:15:18.918] [DEBUG] Checking fix renderer-to-framework for project C:/Projects/react-weapons-of-choice/libs/storybook-host/.storybook...
[10:15:18.919] [DEBUG] Checking fix remove-essential-addons for project C:/Projects/react-weapons-of-choice/libs/storybook-host/.storybook...
[10:15:18.919] [DEBUG] Using cached package.json for C:\Projects\react-weapons-of-choice\libs\storybook-host\package.json...
[10:15:18.919] [DEBUG] Using cached package.json for C:\Projects\react-weapons-of-choice\package.json...
[10:15:18.919] [DEBUG] Checking fix addon-a11y-parameters for project C:/Projects/react-weapons-of-choice/libs/storybook-host/.storybook...
[10:15:18.953] [DEBUG] Checking fix remove-docs-autodocs for project C:/Projects/react-weapons-of-choice/libs/storybook-host/.storybook...
[10:15:18.957] [DEBUG] Checking fix wrap-getAbsolutePath for project C:/Projects/react-weapons-of-choice/libs/storybook-host/.storybook...
[10:15:18.960] [DEBUG] Checking fix fix-faux-esm-require for project C:/Projects/react-weapons-of-choice/libs/storybook-host/.storybook...
[10:15:18.960] [INFO] detect-automigrations-task: 
Automigrations detected:
[10:15:18.961] [INFO] detect-automigrations-task: [32m[32m✔[32m eslintPlugin[39m
[10:15:18.961] [INFO] detect-automigrations-task: [32m[32m✔[32m upgrade-storybook-related-dependencies[39m
[10:15:18.961] [INFO] detect-automigrations-task: [32m[32m✔[32m consolidated-imports[39m
[10:15:18.962] [INFO] detect-automigrations-task: [32m[32m✔[32m renderer-to-framework[39m
[10:15:18.962] [INFO] detect-automigrations-task: [32m[32m✔[32m remove-essential-addons[39m
[10:15:18.962] [INFO] detect-automigrations-task: [32m[32m✔[32m wrap-getAbsolutePath[39m
[10:15:18.962] [INFO] detect-automigrations-task-success: 6 automigration(s) detected
[10:15:18.962] [INFO] Running all detected automigrations:
[10:15:18.963] [INFO]   - eslintPlugin (C:/Projects/react-weapons-of-choice/.storybook and 2 more...)
[10:15:18.963] [INFO]   - upgrade-storybook-related-dependencies (C:/Projects/react-weapons-of-choice/.storybook and 2 more...)
[10:15:18.963] [INFO]   - addon-globals-api (C:/Projects/react-weapons-of-choice/libs/storybook-host/.storybook)
[10:15:18.963] [INFO]   - consolidated-imports (C:/Projects/react-weapons-of-choice/.storybook and 2 more...)
[10:15:18.964] [INFO]   - remove-addon-interactions (C:/Projects/react-weapons-of-choice/libs/storybook-host/.storybook)
[10:15:18.964] [INFO]   - renderer-to-framework (C:/Projects/react-weapons-of-choice/.storybook and 2 more...)
[10:15:18.964] [INFO]   - remove-essential-addons (C:/Projects/react-weapons-of-choice/.storybook and 2 more...)
[10:15:18.964] [INFO]   - remove-docs-autodocs (C:/Projects/react-weapons-of-choice/libs/storybook-host/.storybook)
[10:15:18.965] [INFO]   - wrap-getAbsolutePath (C:/Projects/react-weapons-of-choice/.storybook and 2 more...)
[10:15:18.965] [INFO]   - fix-faux-esm-require (C:/Projects/react-weapons-of-choice/libs/storybook-host/.storybook)
[10:15:18.965] [INFO] automigrate-C:/Projects/react-weapons-of-choice/.storybook-task-start: (1/3) Running automigrations for C:/Projects/react-weapons-of-choice/.storybook
[10:15:18.966] [DEBUG] Adding dependencies: eslint-plugin-storybook@10.2.0
[10:15:18.966] [DEBUG] Using cached package.json for C:\Projects\react-weapons-of-choice\package.json...
[10:15:18.966] [DEBUG] Getting CLI versions from NPM for eslint-plugin-storybook...
[10:15:18.966] [DEBUG] Executing command: pnpm info eslint-plugin-storybook version
[10:15:19.744] [DEBUG] Using cached package.json for C:\Projects\react-weapons-of-choice\package.json...
[10:15:19.744] [DEBUG] Detected flat config at C:\Projects\react-weapons-of-choice\eslint.config.js
[10:15:19.752] [INFO] automigrate-C:/Projects/react-weapons-of-choice/.storybook-task: [32m[32m✔[32m eslintPlugin[39m
[10:15:19.752] [DEBUG] Using cached package.json for C:\Projects\react-weapons-of-choice\package.json...
[10:15:19.753] [INFO] automigrate-C:/Projects/react-weapons-of-choice/.storybook-task: [32m[32m✔[32m upgrade-storybook-related-dependencies[39m
[10:15:19.809] [INFO] automigrate-C:/Projects/react-weapons-of-choice/.storybook-task: [32m[32m✔[32m consolidated-imports[39m
[10:15:19.809] [DEBUG] 
Migrating @storybook/react to @storybook/react-vite
[10:15:19.811] [DEBUG] Updating package.json files...
[10:15:19.812] [INFO] automigrate-C:/Projects/react-weapons-of-choice/.storybook-task: [32m[32m✔[32m renderer-to-framework[39m
[10:15:19.832] [DEBUG] Uninstalling @storybook/addon-essentials
[10:15:19.832] [DEBUG] Using cached package.json for C:\Projects\react-weapons-of-choice\package.json...
[10:15:19.832] [DEBUG] Removing '@storybook/addon-essentials' from main.js addons field.
[10:15:19.850] [DEBUG] Uninstalling @storybook/addon-actions
[10:15:19.850] [DEBUG] Using cached package.json for C:\Projects\react-weapons-of-choice\package.json...
[10:15:19.850] [DEBUG] Using cached package.json for C:\Projects\react-weapons-of-choice\package.json...
[10:15:19.851] [DEBUG] Uninstalling @storybook/addon-backgrounds
[10:15:19.851] [DEBUG] Using cached package.json for C:\Projects\react-weapons-of-choice\package.json...
[10:15:19.851] [DEBUG] Using cached package.json for C:\Projects\react-weapons-of-choice\package.json...
[10:15:19.857] [DEBUG] Getting Storybook info...
[10:15:19.862] [DEBUG] Loading main config...
[10:15:19.862] [DEBUG] Getting stories paths...
[10:15:19.863] [DEBUG] Getting package manager...
[10:15:19.871] [DEBUG] Getting package.json info for C:/Projects/react-weapons-of-choice/package.json...
[10:15:19.871] [DEBUG] Getting Storybook version...
[10:15:19.871] [DEBUG] Detecting CSF factory usage...
[10:15:19.873] [INFO] Verifying @storybook/addon-docs
[10:15:19.874] [DEBUG] Getting dependency version for storybook...
[10:15:19.874] [DEBUG] Using cached package.json for C:\Projects\react-weapons-of-choice\package.json...
[10:15:19.874] [INFO] Installing @storybook/addon-docs@10.2.0
[10:15:19.874] [DEBUG] Using cached package.json for C:\Projects\react-weapons-of-choice\package.json...
[10:15:19.874] [DEBUG] Using cached version for @storybook/addon-docs...
[10:15:19.874] [DEBUG] Using cached package.json for C:\Projects\react-weapons-of-choice\package.json...
[10:15:19.874] [INFO] Adding '@storybook/addon-docs' to the "addons" field in C:\Projects\react-weapons-of-choice\.storybook\main.js
[10:15:19.898] [INFO] automigrate-C:/Projects/react-weapons-of-choice/.storybook-task: [32m[32m✔[32m remove-essential-addons[39m
[10:15:19.899] [INFO] ❌ The migration failed to update your [34mC:\Projects\react-weapons-of-choice\.storybook\main.js[39m on your behalf because of the following error:
        SB_CLI_AUTOMIGRATE_0001 (CommonJsConfigNotSupportedError): Support for CommonJS Storybook config files has been removed in Storybook 10.0.0.
Please migrate your config to a valid ESM file.

CommonJS files (ending in .cjs, .cts, .cjsx, .ctsx) or files containing 'module.exports' are no longer supported.
Please convert your config to use ES modules (import/export syntax).

More info: https://storybook.js.org/docs/configure/overview?ref=error#es-modules


[10:15:19.900] [INFO] ⚠️ Storybook automigrations are based on AST parsing and it's possible that your [34mC:\Projects\react-weapons-of-choice\.storybook\main.js[39m file contains a non-standard format (e.g. your export is not an object) or that there was an error when parsing dynamic values (e.g. "require" calls, or usage of environment variables). When your main config is non-standard, automigrations are unfortunately not possible. Please follow the instructions given previously and follow the documentation to make the updates manually.
[10:15:19.900] [INFO] automigrate-C:/Projects/react-weapons-of-choice/.storybook-task: [32m[32m✔[32m wrap-getAbsolutePath[39m
[10:15:19.900] [INFO] automigrate-C:/Projects/react-weapons-of-choice/.storybook-task-success: (1/3) Completed automigrations for C:/Projects/react-weapons-of-choice/.storybook
[10:15:19.900] [INFO] automigrate-C:/Projects/react-weapons-of-choice/libs/landing/.storybook-task-start: (2/3) Running automigrations for C:/Projects/react-weapons-of-choice/libs/landing/.storybook
[10:15:19.900] [DEBUG] Adding dependencies: eslint-plugin-storybook@10.2.0
[10:15:19.900] [DEBUG] Using cached package.json for C:\Projects\react-weapons-of-choice\package.json...
[10:15:19.900] [DEBUG] Using cached version for eslint-plugin-storybook...
[10:15:19.900] [DEBUG] Using cached package.json for C:\Projects\react-weapons-of-choice\package.json...
[10:15:19.901] [DEBUG] Detected flat config at C:\Projects\react-weapons-of-choice\libs\landing\eslint.config.js
[10:15:19.903] [INFO] automigrate-C:/Projects/react-weapons-of-choice/libs/landing/.storybook-task: [32m[32m✔[32m eslintPlugin[39m
[10:15:19.903] [DEBUG] Using cached package.json for C:\Projects\react-weapons-of-choice\package.json...
[10:15:19.904] [INFO] automigrate-C:/Projects/react-weapons-of-choice/libs/landing/.storybook-task: [32m[32m✔[32m upgrade-storybook-related-dependencies[39m
[10:15:19.907] [INFO] automigrate-C:/Projects/react-weapons-of-choice/libs/landing/.storybook-task: [32m[32m✔[32m consolidated-imports[39m
[10:15:19.907] [DEBUG] 
Migrating @storybook/react to @storybook/react-vite
[10:15:19.909] [DEBUG] Updating package.json files...
[10:15:19.921] [INFO] automigrate-C:/Projects/react-weapons-of-choice/libs/landing/.storybook-task: [32m[32m✔[32m renderer-to-framework[39m
[10:15:19.930] [DEBUG] Uninstalling @storybook/addon-essentials
[10:15:19.930] [DEBUG] Using cached package.json for C:\Projects\react-weapons-of-choice\package.json...
[10:15:19.930] [DEBUG] Removing '@storybook/addon-essentials' from main.js addons field.
[10:15:19.949] [DEBUG] Uninstalling @storybook/addon-actions
[10:15:19.949] [DEBUG] Using cached package.json for C:\Projects\react-weapons-of-choice\package.json...
[10:15:19.949] [DEBUG] Removing '@storybook/addon-actions' from main.js addons field.
[10:15:19.970] [DEBUG] Uninstalling @storybook/addon-backgrounds
[10:15:19.970] [DEBUG] Using cached package.json for C:\Projects\react-weapons-of-choice\package.json...
[10:15:19.971] [DEBUG] Getting Storybook info...
[10:15:19.973] [DEBUG] Loading main config...
[10:15:19.973] [DEBUG] Getting stories paths...
[10:15:19.973] [DEBUG] Getting package manager...
[10:15:19.980] [DEBUG] Getting package.json info for C:/Projects/react-weapons-of-choice/package.json...
[10:15:19.980] [DEBUG] Getting Storybook version...
[10:15:19.981] [DEBUG] Detecting CSF factory usage...
[10:15:19.981] [INFO] Verifying @storybook/addon-docs
[10:15:19.981] [DEBUG] Getting dependency version for storybook...
[10:15:19.981] [DEBUG] Using cached package.json for C:\Projects\react-weapons-of-choice\package.json...
[10:15:19.981] [INFO] Installing @storybook/addon-docs@10.2.0
[10:15:19.981] [DEBUG] Using cached package.json for C:\Projects\react-weapons-of-choice\package.json...
[10:15:19.981] [DEBUG] Using cached version for @storybook/addon-docs...
[10:15:19.982] [DEBUG] Using cached package.json for C:\Projects\react-weapons-of-choice\package.json...
[10:15:19.982] [INFO] Adding '@storybook/addon-docs' to the "addons" field in C:\Projects\react-weapons-of-choice\libs\landing\.storybook\main.js
[10:15:20.002] [INFO] automigrate-C:/Projects/react-weapons-of-choice/libs/landing/.storybook-task: [32m[32m✔[32m remove-essential-addons[39m
[10:15:20.003] [INFO] ❌ The migration failed to update your [34mC:\Projects\react-weapons-of-choice\libs\landing\.storybook\main.js[39m on your behalf because of the following error:
        SB_CLI_AUTOMIGRATE_0001 (CommonJsConfigNotSupportedError): Support for CommonJS Storybook config files has been removed in Storybook 10.0.0.
Please migrate your config to a valid ESM file.

CommonJS files (ending in .cjs, .cts, .cjsx, .ctsx) or files containing 'module.exports' are no longer supported.
Please convert your config to use ES modules (import/export syntax).

More info: https://storybook.js.org/docs/configure/overview?ref=error#es-modules


[10:15:20.003] [INFO] ⚠️ Storybook automigrations are based on AST parsing and it's possible that your [34mC:\Projects\react-weapons-of-choice\libs\landing\.storybook\main.js[39m file contains a non-standard format (e.g. your export is not an object) or that there was an error when parsing dynamic values (e.g. "require" calls, or usage of environment variables). When your main config is non-standard, automigrations are unfortunately not possible. Please follow the instructions given previously and follow the documentation to make the updates manually.
[10:15:20.003] [INFO] automigrate-C:/Projects/react-weapons-of-choice/libs/landing/.storybook-task: [32m[32m✔[32m wrap-getAbsolutePath[39m
[10:15:20.003] [INFO] automigrate-C:/Projects/react-weapons-of-choice/libs/landing/.storybook-task-success: (2/3) Completed automigrations for C:/Projects/react-weapons-of-choice/libs/landing/.storybook
[10:15:20.004] [INFO] automigrate-C:/Projects/react-weapons-of-choice/libs/storybook-host/.storybook-task-start: (3/3) Running automigrations for C:/Projects/react-weapons-of-choice/libs/storybook-host/.storybook
[10:15:20.004] [DEBUG] Adding dependencies: eslint-plugin-storybook@10.2.0
[10:15:20.004] [DEBUG] Using cached package.json for C:\Projects\react-weapons-of-choice\package.json...
[10:15:20.004] [DEBUG] Using cached version for eslint-plugin-storybook...
[10:15:20.004] [DEBUG] Using cached package.json for C:\Projects\react-weapons-of-choice\package.json...
[10:15:20.004] [DEBUG] Detected flat config at C:\Projects\react-weapons-of-choice\libs\storybook-host\eslint.config.js
[10:15:20.006] [INFO] automigrate-C:/Projects/react-weapons-of-choice/libs/storybook-host/.storybook-task: [32m[32m✔[32m eslintPlugin[39m
[10:15:20.006] [DEBUG] Using cached package.json for C:\Projects\react-weapons-of-choice\libs\storybook-host\package.json...
[10:15:20.006] [DEBUG] Using cached package.json for C:\Projects\react-weapons-of-choice\package.json...
[10:15:20.007] [INFO] automigrate-C:/Projects/react-weapons-of-choice/libs/storybook-host/.storybook-task: [32m[32m✔[32m upgrade-storybook-related-dependencies[39m
[10:15:20.149] [INFO] automigrate-C:/Projects/react-weapons-of-choice/libs/storybook-host/.storybook-task: [32m[32m✔[32m addon-globals-api[39m
[10:15:20.175] [INFO] automigrate-C:/Projects/react-weapons-of-choice/libs/storybook-host/.storybook-task: [32m[32m✔[32m consolidated-imports[39m
[10:15:20.176] [DEBUG] Uninstalling @storybook/addon-interactions
[10:15:20.176] [DEBUG] Using cached package.json for C:\Projects\react-weapons-of-choice\libs\storybook-host\package.json...
[10:15:20.176] [DEBUG] Using cached package.json for C:\Projects\react-weapons-of-choice\package.json...
[10:15:20.176] [DEBUG] Removing '@storybook/addon-interactions' from main.js addons field.
[10:15:20.178] [INFO] automigrate-C:/Projects/react-weapons-of-choice/libs/storybook-host/.storybook-task: [32m[32m✔[32m remove-addon-interactions[39m
[10:15:20.178] [DEBUG] 
Migrating @storybook/react to @storybook/react-vite
[10:15:20.193] [DEBUG] Updating package.json files...
[10:15:20.194] [INFO] automigrate-C:/Projects/react-weapons-of-choice/libs/storybook-host/.storybook-task: [32m[32m✔[32m renderer-to-framework[39m
[10:15:20.196] [DEBUG] Uninstalling @storybook/addon-essentials
[10:15:20.196] [DEBUG] Using cached package.json for C:\Projects\react-weapons-of-choice\libs\storybook-host\package.json...
[10:15:20.196] [DEBUG] Using cached package.json for C:\Projects\react-weapons-of-choice\package.json...
[10:15:20.196] [DEBUG] Removing '@storybook/addon-essentials' from main.js addons field.
[10:15:20.217] [DEBUG] Uninstalling @storybook/addon-actions
[10:15:20.217] [DEBUG] Using cached package.json for C:\Projects\react-weapons-of-choice\libs\storybook-host\package.json...
[10:15:20.217] [DEBUG] Using cached package.json for C:\Projects\react-weapons-of-choice\package.json...
[10:15:20.219] [DEBUG] Uninstalling @storybook/addon-backgrounds
[10:15:20.219] [DEBUG] Using cached package.json for C:\Projects\react-weapons-of-choice\libs\storybook-host\package.json...
[10:15:20.219] [DEBUG] Using cached package.json for C:\Projects\react-weapons-of-choice\package.json...
[10:15:20.219] [DEBUG] Removing '@storybook/addon-backgrounds' from main.js addons field.
[10:15:20.239] [DEBUG] Getting Storybook info...
[10:15:20.241] [INFO] Loading main config failed as the file does not seem to be valid ESM. Trying a temporary fix, please ensure the main config is valid ESM.
[10:15:20.244] [DEBUG] Loading main config...
[10:15:20.244] [DEBUG] Getting stories paths...
[10:15:20.244] [DEBUG] Getting package manager...
[10:15:20.251] [DEBUG] Getting package.json info for C:/Projects/react-weapons-of-choice/package.json...
[10:15:20.251] [DEBUG] Getting Storybook version...
[10:15:20.252] [DEBUG] Detecting CSF factory usage...
[10:15:20.254] [INFO] Verifying @storybook/addon-docs
[10:15:20.254] [DEBUG] Getting dependency version for storybook...
[10:15:20.254] [DEBUG] Using cached package.json for C:\Projects\react-weapons-of-choice\libs\storybook-host\package.json...
[10:15:20.254] [DEBUG] Using cached package.json for C:\Projects\react-weapons-of-choice\package.json...
[10:15:20.254] [INFO] Installing @storybook/addon-docs@10.2.0
[10:15:20.254] [DEBUG] Using cached package.json for C:\Projects\react-weapons-of-choice\package.json...
[10:15:20.254] [DEBUG] Using cached version for @storybook/addon-docs...
[10:15:20.254] [DEBUG] Using cached package.json for C:\Projects\react-weapons-of-choice\package.json...
[10:15:20.254] [INFO] Adding '@storybook/addon-docs' to the "addons" field in C:\Projects\react-weapons-of-choice\libs\storybook-host\.storybook\main.ts
[10:15:20.286] [INFO] Loading main config failed as the file does not seem to be valid ESM. Trying a temporary fix, please ensure the main config is valid ESM.
[10:15:20.293] [INFO] automigrate-C:/Projects/react-weapons-of-choice/libs/storybook-host/.storybook-task: [32m[32m✔[32m remove-essential-addons[39m
[10:15:20.294] [INFO] automigrate-C:/Projects/react-weapons-of-choice/libs/storybook-host/.storybook-task: 🔄 Updating [36mdocs[39m parameter in main config file...
[10:15:20.298] [INFO] automigrate-C:/Projects/react-weapons-of-choice/libs/storybook-host/.storybook-task: [32m[32m✔[32m remove-docs-autodocs[39m
[10:15:20.317] [INFO] automigrate-C:/Projects/react-weapons-of-choice/libs/storybook-host/.storybook-task: [32m[32m✔[32m wrap-getAbsolutePath[39m
[10:15:20.355] [INFO] automigrate-C:/Projects/react-weapons-of-choice/libs/storybook-host/.storybook-task: [32m[32m✔[32m fix-faux-esm-require[39m
[10:15:20.355] [INFO] automigrate-C:/Projects/react-weapons-of-choice/libs/storybook-host/.storybook-task-success: (3/3) Completed automigrations for C:/Projects/react-weapons-of-choice/libs/storybook-host/.storybook
[10:15:20.755] [DEBUG] Getting package.json info for C:/Projects/react-weapons-of-choice/package.json...
[10:15:20.755] [INFO] Installing dependencies...
[10:15:20.755] [INFO] install-dependencies-spinner-start: Installing dependencies...
[10:15:20.756] [DEBUG] Executing command: pnpm install -w
[10:15:21.140] [INFO] Installing dependencies...:  WARN  `node_modules` is present. Lockfile only installation will make it out-of-date

[10:15:21.140] [INFO] install-dependencies-spinner: Installing dependencies...: WARN  `node_modules` is p
[10:15:21.210] [INFO] Installing dependencies...: Progress: resolved 1, reused 0, downloaded 0, added 0

[10:15:21.210] [INFO] install-dependencies-spinner: Installing dependencies...: Progress: resolved 1, reu
[10:15:21.324] [INFO] Installing dependencies...:  WARN  deprecated eslint-config-prettier@10.0.0: wrong version missing main field

[10:15:21.324] [INFO] install-dependencies-spinner: Installing dependencies...: WARN  deprecated eslint-c
[10:15:22.210] [INFO] Installing dependencies...: Progress: resolved 124, reused 0, downloaded 0, added 0

[10:15:22.210] [INFO] install-dependencies-spinner: Installing dependencies...: Progress: resolved 124, r
[10:15:23.210] [INFO] Installing dependencies...: Progress: resolved 234, reused 0, downloaded 0, added 0

[10:15:23.210] [INFO] install-dependencies-spinner: Installing dependencies...: Progress: resolved 234, r
[10:15:24.211] [INFO] Installing dependencies...: Progress: resolved 611, reused 0, downloaded 0, added 0

[10:15:24.211] [INFO] install-dependencies-spinner: Installing dependencies...: Progress: resolved 611, r
[10:15:25.213] [INFO] Installing dependencies...: Progress: resolved 1154, reused 0, downloaded 0, added 0

[10:15:25.213] [INFO] install-dependencies-spinner: Installing dependencies...: Progress: resolved 1154, 
[10:15:26.215] [INFO] Installing dependencies...: Progress: resolved 1630, reused 0, downloaded 0, added 0

[10:15:26.215] [INFO] install-dependencies-spinner: Installing dependencies...: Progress: resolved 1630, 
[10:15:27.221] [INFO] Installing dependencies...: Progress: resolved 2021, reused 0, downloaded 0, added 0

[10:15:27.221] [INFO] install-dependencies-spinner: Installing dependencies...: Progress: resolved 2021, 
[10:15:28.194] [INFO] Installing dependencies...:  WARN  7 deprecated subdependencies found: glob@7.2.3, glob@8.1.0, inflight@1.0.6, keygrip@1.1.0, node-domexception@1.0.0, whatwg-encoding@2.0.0, whatwg-encoding@3.1.1

[10:15:28.194] [INFO] install-dependencies-spinner: Installing dependencies...: WARN  7 deprecated subdep
[10:15:28.255] [INFO] Installing dependencies...: Progress: resolved 2081, reused 0, downloaded 0, added 0

[10:15:28.255] [INFO] install-dependencies-spinner: Installing dependencies...: Progress: resolved 2081, 
[10:15:28.269] [INFO] Installing dependencies...: Progress: resolved 2081, reused 0, downloaded 0, added 0, done

[10:15:28.269] [INFO] install-dependencies-spinner: Installing dependencies...: Progress: resolved 2081, 
[10:15:28.270] [INFO] Installing dependencies...: 

[10:15:28.270] [INFO] install-dependencies-spinner: Installing dependencies...: 
[10:15:28.271] [INFO] Installing dependencies...:  WARN  Issues with peer dependencies found
.
├─┬ vite 7.1.3
│ └── ✕ unmet peer @types/node@"^20.19.0 || >=22.12.0": found 22.10.10
├─┬ @nx/eslint-plugin 22.4.1
│ └─┬ @typescript-eslint/type-utils 8.21.0
│   ├── ✕ unmet peer typescript@">=4.8.4 <5.8.0": found 5.9.3
│   └─┬ @typescript-eslint/utils 8.21.0
│     ├── ✕ unmet peer typescript@">=4.8.4 <5.8.0": found 5.9.3
│     └─┬ @typescript-eslint/typescript-estree 8.21.0
│       └── ✕ unmet peer typescript@">=4.8.4 <5.8.0": found 5.9.3
├─┬ @storybook/blocks 8.6.14
│ └── ✕ unmet peer storybook@^8.6.14: found 10.2.0
├─┬ @storybook/core-server 8.6.14
│ └── ✕ unmet peer storybook@"^8.2.0 || ^8.3.0-0 || ^8.4.0-0 || ^8.5.0-0 || ^8.6.0-0": found 10.2.0
├─┬ @storybook/manager-api 8.6.14
│ └── ✕ unmet peer storybook@"^8.2.0 || ^8.3.0-0 || ^8.4.0-0 || ^8.5.0-0 || ^8.6.0-0": found 10.2.0
├─┬ @storybook/theming 8.6.14
│ └── ✕ unmet peer storybook@"^8.2.0 || ^8.3.0-0 || ^8.4.0-0 || ^8.5.0-0 || ^8.6.0-0": found 10.2.0
├─┬ storybook-dark-mode 4.0.2
│ ├─┬ @storybook/components 8.4.7
│ │ └── ✕ unmet peer storybook@"^8.2.0 || ^8.3.0-0 || ^8.4.0-0 || ^8.5.0-0 || ^8.6.0-0": found 10.2.0
│ ├─┬ @storybook/core-events 8.4.7
│ │ └── ✕ unmet peer storybook@"^8.2.0 || ^8.3.0-0 || ^8.4.0-0 || ^8.5.0-0 || ^8.6.0-0": found 10.2.0
│ └─┬ @storybook/icons 1.2.12
│   ├── ✕ unmet peer react@"^16.8.0 || ^17.0.0 || ^18.0.0": found 19.0.0
│   └── ✕ unmet peer react-dom@"^16.8.0 || ^17.0.0 || ^18.0.0": found 19.0.0
├─┬ @vitejs/plugin-react 4.3.4
│ └── ✕ unmet peer vite@"^4.2.0 || ^5.0.0 || ^6.0.0": found 7.1.3
└─┬ vite-plugin-react-markdown 0.2.10
  └── ✕ unmet peer vite@"^2.0.0 || ^4.3": found 7.1.3


[10:15:28.271] [INFO] install-dependencies-spinner: Installing dependencies...: WARN  Issues with peer de
[10:15:28.431] [INFO] Installing dependencies...: Packages: +66 -46
+++++++++++++++++++++++++++++++++++++++++++++++---------------------------------

[10:15:28.431] [INFO] install-dependencies-spinner: Installing dependencies...: Packages: +66 -46
+++++++
[10:15:29.722] [INFO] Installing dependencies...: . prepare$ husky

[10:15:29.722] [INFO] install-dependencies-spinner: Installing dependencies...: . prepare$ husky
[10:15:29.797] [INFO] Installing dependencies...: . prepare: Done

[10:15:29.797] [INFO] install-dependencies-spinner: Installing dependencies...: . prepare: Done
[10:15:29.798] [INFO] Installing dependencies...: Done in 8.9s

[10:15:29.798] [INFO] install-dependencies-spinner: Installing dependencies...: Done in 8.9s
[10:15:29.852] [INFO] Dependencies installed
[10:15:29.852] [INFO] install-dependencies-spinner-stop: Dependencies installed
[10:15:29.852] [WARN] Since you are in a monorepo, we advise you to deduplicate your dependencies. We can do this for you but it might take some time.
[10:15:29.853] [INFO] Deduplicating dependencies...
[10:15:29.853] [INFO] Deduplicating dependencies...
[10:15:29.853] [DEBUG] Executing command: pnpm dedupe
[10:15:30.278] [INFO] Progress: resolved 1, reused 0, downloaded 0, added 0
[10:15:30.278] [INFO] Progress: resolved 1, reused 0, downloaded 0, added 0
[10:15:30.443] [INFO] WARN  deprecated eslint-config-prettier@10.0.0: wrong version missing main field
[10:15:30.443] [INFO] WARN  deprecated eslint-config-prettier@10.0.0: wrong version missing main field
[10:15:31.278] [INFO] Progress: resolved 58, reused 57, downloaded 0, added 0
[10:15:31.278] [INFO] Progress: resolved 58, reused 57, downloaded 0, added 0
[10:15:32.280] [INFO] Progress: resolved 105, reused 105, downloaded 0, added 0
[10:15:32.280] [INFO] Progress: resolved 105, reused 105, downloaded 0, added 0
[10:15:33.279] [INFO] Progress: resolved 196, reused 196, downloaded 0, added 0
[10:15:33.279] [INFO] Progress: resolved 196, reused 196, downloaded 0, added 0
[10:15:34.280] [INFO] Progress: resolved 274, reused 265, downloaded 0, added 0
[10:15:34.280] [INFO] Progress: resolved 274, reused 265, downloaded 0, added 0
[10:15:35.279] [INFO] Progress: resolved 486, reused 468, downloaded 0, added 0
[10:15:35.279] [INFO] Progress: resolved 486, reused 468, downloaded 0, added 0
[10:15:36.280] [INFO] Progress: resolved 617, reused 597, downloaded 0, added 0
[10:15:36.280] [INFO] Progress: resolved 617, reused 597, downloaded 0, added 0
[10:15:37.279] [INFO] Progress: resolved 916, reused 867, downloaded 0, added 0
[10:15:37.279] [INFO] Progress: resolved 916, reused 867, downloaded 0, added 0
[10:15:38.279] [INFO] Progress: resolved 1354, reused 1241, downloaded 0, added 0
[10:15:38.279] [INFO] Progress: resolved 1354, reused 1241, downloaded 0, added 0
[10:15:39.282] [INFO] Progress: resolved 1829, reused 1688, downloaded 0, added 0
[10:15:39.282] [INFO] Progress: resolved 1829, reused 1688, downloaded 0, added 0
[10:15:40.281] [INFO] Progress: resolved 1909, reused 1770, downloaded 0, added 0
[10:15:40.281] [INFO] Progress: resolved 1909, reused 1770, downloaded 0, added 0
[10:15:41.076] [INFO] WARN  7 deprecated subdependencies found: glob@7.2.3, glob@8.1.0, inflight@1.0.6, keygrip@1.1.0, node-domexception@1.0.0, whatwg-encoding@2.0.0, whatwg-encoding@3.1.1
[10:15:41.076] [INFO] WARN  7 deprecated subdependencies found: glob@7.2.3, glob@8.1.0, inflight@1.0.6, keygrip@1.1.0, node-domexception@1.0.0, whatwg-encoding@2.0.0, whatwg-encoding@3.1.1
[10:15:41.106] [INFO] Packages: -115
--------------------------------------------------------------------------------
[10:15:41.106] [INFO] Packages: -115
--------------------------------------------------------------------------------
[10:15:41.297] [INFO] Progress: resolved 1954, reused 1803, downloaded 0, added 28
[10:15:41.297] [INFO] Progress: resolved 1954, reused 1803, downloaded 0, added 28
[10:15:42.304] [INFO] Progress: resolved 1954, reused 1803, downloaded 0, added 113
[10:15:42.304] [INFO] Progress: resolved 1954, reused 1803, downloaded 0, added 113
[10:15:42.753] [INFO] Progress: resolved 1954, reused 1803, downloaded 0, added 114, done
[10:15:42.753] [INFO] Progress: resolved 1954, reused 1803, downloaded 0, added 114, done
[10:15:43.293] [INFO] . prepare$ husky
[10:15:43.293] [INFO] . prepare$ husky
[10:15:43.369] [INFO] . prepare: Done
[10:15:43.369] [INFO] . prepare: Done
[10:15:43.371] [INFO] dependencies:
+ react-router-dom 6.30.3 (7.13.0 is available)
+ tailwindcss-animate 1.0.7

devDependencies:
- @babel/core 7.26.7
+ @babel/core 7.28.6
+ @nx/devkit 22.4.1
+ @nx/eslint 22.4.1
+ @nx/eslint-plugin 22.4.1
+ @nx/jest 22.4.1
+ @nx/js 22.4.1
+ @nx/playwright 22.4.1
+ @nx/storybook 22.4.1
+ @nx/vite 22.4.1
+ @nx/web 22.4.1
+ @nx/workspace 22.4.1
+ @storybook/addon-a11y 10.2.0
+ @storybook/addon-links 10.2.0
+ @storybook/addon-styling-webpack 3.0.0
+ @storybook/addon-themes 10.2.0
+ @storybook/blocks 8.6.14
+ @storybook/core-server 8.6.14
+ @storybook/manager-api 8.6.14
+ @storybook/react 10.2.0
+ @storybook/theming 8.6.14
+ @swc-node/register 1.10.9 (1.11.1 is available)
+ @vitejs/plugin-react 4.3.4 (5.1.2 is available)
+ @vitest/coverage-v8 4.0.0 (4.0.18 is available)
+ @vitest/ui 4.0.0 (4.0.18 is available)
+ eslint-config-prettier 10.0.0 (10.1.8 is available) deprecated
+ eslint-plugin-import 2.31.0 (2.32.0 is available)
+ eslint-plugin-storybook 10.2.0
+ jest 30.0.5 (30.2.0 is available)
+ jest-environment-jsdom 30.0.5
+ jest-util 30.0.5 (30.2.0 is available)
+ jiti 2.4.2 (2.6.1 is available)
+ nx 22.4.1
+ storybook 10.2.0
+ storybook-dark-mode 4.0.2
+ tailwindcss 3.4.3 (4.1.18 is available)
+ ts-node 10.9.2
+ typescript 5.9.3
+ typescript-eslint 8.40.0 (8.53.1 is available)
+ vite 7.1.3 (7.3.1 is available)
+ vite-plugin-react-markdown 0.2.10
+ vitest 4.0.0 (4.0.18 is available)
[10:15:43.371] [INFO] dependencies:
+ react-router-dom 6.30.3 (7.13.0 is available)
+ tailwindcss-animate 1.0.7

devDependencies:
- @babel/core 7.26.7
+ @babel/core 7.28.6
+ @nx/devkit 22.4.1
+ @nx/eslint 22.4.1
+ @nx/eslint-plugin 22.4.1
+ @nx/jest 22.4.1
+ @nx/js 22.4.1
+ @nx/playwright 22.4.1
+ @nx/storybook 22.4.1
+ @nx/vite 22.4.1
+ @nx/web 22.4.1
+ @nx/workspace 22.4.1
+ @storybook/addon-a11y 10.2.0
+ @storybook/addon-links 10.2.0
+ @storybook/addon-styling-webpack 3.0.0
+ @storybook/addon-themes 10.2.0
+ @storybook/blocks 8.6.14
+ @storybook/core-server 8.6.14
+ @storybook/manager-api 8.6.14
+ @storybook/react 10.2.0
+ @storybook/theming 8.6.14
+ @swc-node/register 1.10.9 (1.11.1 is available)
+ @vitejs/plugin-react 4.3.4 (5.1.2 is available)
+ @vitest/coverage-v8 4.0.0 (4.0.18 is available)
+ @vitest/ui 4.0.0 (4.0.18 is available)
+ eslint-config-prettier 10.0.0 (10.1.8 is available) deprecated
+ eslint-plugin-import 2.31.0 (2.32.0 is available)
+ eslint-plugin-storybook 10.2.0
+ jest 30.0.5 (30.2.0 is available)
+ jest-environment-jsdom 30.0.5
+ jest-util 30.0.5 (30.2.0 is available)
+ jiti 2.4.2 (2.6.1 is available)
+ nx 22.4.1
+ storybook 10.2.0
+ storybook-dark-mode 4.0.2
+ tailwindcss 3.4.3 (4.1.18 is available)
+ ts-node 10.9.2
+ typescript 5.9.3
+ typescript-eslint 8.40.0 (8.53.1 is available)
+ vite 7.1.3 (7.3.1 is available)
+ vite-plugin-react-markdown 0.2.10
+ vitest 4.0.0 (4.0.18 is available)
[10:15:43.375] [INFO] WARN  Issues with peer dependencies found
.
├─┬ vite 7.1.3
│ └── ✕ unmet peer @types/node@"^20.19.0 || >=22.12.0": found 22.10.10
├─┬ @storybook/blocks 8.6.14
│ └── ✕ unmet peer storybook@^8.6.14: found 10.2.0
├─┬ @storybook/core-server 8.6.14
│ └── ✕ unmet peer storybook@"^8.2.0 || ^8.3.0-0 || ^8.4.0-0 || ^8.5.0-0 || ^8.6.0-0": found 10.2.0
├─┬ @storybook/manager-api 8.6.14
│ └── ✕ unmet peer storybook@"^8.2.0 || ^8.3.0-0 || ^8.4.0-0 || ^8.5.0-0 || ^8.6.0-0": found 10.2.0
├─┬ @storybook/theming 8.6.14
│ └── ✕ unmet peer storybook@"^8.2.0 || ^8.3.0-0 || ^8.4.0-0 || ^8.5.0-0 || ^8.6.0-0": found 10.2.0
├─┬ storybook-dark-mode 4.0.2
│ ├─┬ @storybook/core-events 8.4.7
│ │ └── ✕ unmet peer storybook@"^8.2.0 || ^8.3.0-0 || ^8.4.0-0 || ^8.5.0-0 || ^8.6.0-0": found 10.2.0
│ └─┬ @storybook/components 8.4.7
│   └── ✕ unmet peer storybook@"^8.2.0 || ^8.3.0-0 || ^8.4.0-0 || ^8.5.0-0 || ^8.6.0-0": found 10.2.0
├─┬ @vitejs/plugin-react 4.3.4
│ └── ✕ unmet peer vite@"^4.2.0 || ^5.0.0 || ^6.0.0": found 7.1.3
└─┬ vite-plugin-react-markdown 0.2.10
  └── ✕ unmet peer vite@"^2.0.0 || ^4.3": found 7.1.3
[10:15:43.375] [INFO] WARN  Issues with peer dependencies found
.
├─┬ vite 7.1.3
│ └── ✕ unmet peer @types/node@"^20.19.0 || >=22.12.0": found 22.10.10
├─┬ @storybook/blocks 8.6.14
│ └── ✕ unmet peer storybook@^8.6.14: found 10.2.0
├─┬ @storybook/core-server 8.6.14
│ └── ✕ unmet peer storybook@"^8.2.0 || ^8.3.0-0 || ^8.4.0-0 || ^8.5.0-0 || ^8.6.0-0": found 10.2.0
├─┬ @storybook/manager-api 8.6.14
│ └── ✕ unmet peer storybook@"^8.2.0 || ^8.3.0-0 || ^8.4.0-0 || ^8.5.0-0 || ^8.6.0-0": found 10.2.0
├─┬ @storybook/theming 8.6.14
│ └── ✕ unmet peer storybook@"^8.2.0 || ^8.3.0-0 || ^8.4.0-0 || ^8.5.0-0 || ^8.6.0-0": found 10.2.0
├─┬ storybook-dark-mode 4.0.2
│ ├─┬ @storybook/core-events 8.4.7
│ │ └── ✕ unmet peer storybook@"^8.2.0 || ^8.3.0-0 || ^8.4.0-0 || ^8.5.0-0 || ^8.6.0-0": found 10.2.0
│ └─┬ @storybook/components 8.4.7
│   └── ✕ unmet peer storybook@"^8.2.0 || ^8.3.0-0 || ^8.4.0-0 || ^8.5.0-0 || ^8.6.0-0": found 10.2.0
├─┬ @vitejs/plugin-react 4.3.4
│ └── ✕ unmet peer vite@"^4.2.0 || ^5.0.0 || ^6.0.0": found 7.1.3
└─┬ vite-plugin-react-markdown 0.2.10
  └── ✕ unmet peer vite@"^2.0.0 || ^4.3": found 7.1.3
[10:15:43.438] [INFO] Dependencies deduplicated
[10:15:43.438] [INFO] [32mDependencies deduplicated[39m
[10:15:43.438] [INFO] Checking the health of your project(s)..
[10:15:43.439] [DEBUG] Using cached package.json for C:\Projects\react-weapons-of-choice\package.json...
[10:15:43.441] [DEBUG] Executing command: pnpm list "@storybook/*" "storybook" --json --depth=99
[10:15:43.917] [DEBUG] Using cached package.json for C:\Projects\react-weapons-of-choice\package.json...
[10:15:43.918] [DEBUG] Executing command: pnpm list "@storybook/*" "storybook" --json --depth=99
[10:15:44.403] [DEBUG] Using cached package.json for C:\Projects\react-weapons-of-choice\libs\storybook-host\package.json...
[10:15:44.403] [DEBUG] Using cached package.json for C:\Projects\react-weapons-of-choice\package.json...
[10:15:44.404] [DEBUG] Executing command: pnpm list "@storybook/*" "storybook" --json --depth=99
[10:15:44.770] [WARN] Found 1 issue across 3 projects
[10:15:44.771] [INFO] You are currently using Storybook [1m10.2.0[22m but you have packages which are incompatible with it:

- @storybook/blocks@8.6.14 which depends on ^8.6.14
 Repo: https://github.com/storybookjs/storybook/tree/next/code/lib/blocks
- @storybook/core-server@8.6.14 which depends on ^8.2.0 || ^8.3.0-0 || ^8.4.0-0 || ^8.5.0-0 || ^8.6.0-0
 Repo: https://github.com/storybookjs/storybook/tree/next/code/lib/core-server
- @storybook/manager-api@8.6.14 which depends on ^8.2.0 || ^8.3.0-0 || ^8.4.0-0 || ^8.5.0-0 || ^8.6.0-0
 Repo: https://github.com/storybookjs/storybook/tree/next/code/lib/manager-api
- @storybook/theming@8.6.14 which depends on ^8.2.0 || ^8.3.0-0 || ^8.4.0-0 || ^8.5.0-0 || ^8.6.0-0
 Repo: https://github.com/storybookjs/storybook/tree/next/code/lib/theming
- storybook-dark-mode@4.0.2 which depends on ^8.0.0

Please consider updating your packages or contacting the maintainers for compatibility details.

For more details on compatibility guidance, see:
https://github.com/storybookjs/storybook/issues/32836

Affected projects: C:/Projects/react-weapons-of-choice/.storybook, C:/Projects/react-weapons-of-choice/libs/landing/.storybook, C:/Projects/react-weapons-of-choice/libs/storybook-host/.storybook
[10:15:44.772] [INFO] Storybook doctor is complete!
[10:15:44.772] [INFO] You can always recheck the health of your project(s) by running:
[36mnpx storybook doctor[39m
[10:15:44.772] [INFO] [33mYour project(s) have been upgraded successfully, but some issues were found which need your attention, please check Storybook doctor logs above.[39m
[10:15:44.773] [INFO] If you want to learn more about the automigrations that executed in your project(s), please check the following links:
• ]8;;https://storybook.js.org/docs/configure/integration/eslint-plugineslintPlugin]8;;
• ]8;;undefinedupgrade-storybook-related-dependencies]8;;
• ]8;;https://github.com/storybookjs/storybook/blob/next/MIGRATION.md#viewportbackgrounds-addon-synchronized-configuration-and-globals-usageaddon-globals-api]8;;
• ]8;;https://github.com/storybookjs/storybook/blob/next/MIGRATION.md#dropped-support-for-legacy-packagesconsolidated-imports]8;;
• ]8;;https://github.com/storybookjs/storybook/blob/next/MIGRATION.md#essentials-addon-viewport-controls-interactions-and-actions-moved-to-coreremove-addon-interactions]8;;
• ]8;;https://github.com/storybookjs/storybook/blob/next/MIGRATION.md#moving-from-renderer-based-to-framework-based-configurationrenderer-to-framework]8;;
• ]8;;https://github.com/storybookjs/storybook/blob/next/MIGRATION.md#essentials-addon-viewport-controls-interactions-and-actions-moved-to-coreremove-essential-addons]8;;
• ]8;;https://github.com/storybookjs/storybook/blob/next/MIGRATION.md#mainjs-docsautodocs-is-deprecatedremove-docs-autodocs]8;;
• ]8;;https://storybook.js.org/docs/faq#how-do-i-fix-module-resolution-in-special-environmentswrap-getAbsolutePath]8;;
• ]8;;https://storybook.js.org/docs/faq#how-do-i-fix-module-resolution-in-special-environmentsfix-faux-esm-require]8;;
[10:15:44.776] [INFO] For a full list of changes, please check our migration guide: [36mhttps://storybook.js.org/docs/releases/migration-guide?ref=upgrade[39m
[10:15:44.776] [INFO] Storybook collects completely anonymous usage telemetry. We use it to shape Storybook's roadmap and prioritize features. You can learn more, including how to opt out, at https://storybook.js.org/telemetry
[10:15:46.782] [INFO] Storybook upgrade completed!